[Sun, 24 Apr 16 12:30:14 +0800][CRITICAL] This is a critical messages
[Sun, 24 Apr 16 12:30:14 +0800][EMERGENCY] This is an emergency message
[Sun, 24 Apr 16 12:30:14 +0800][DEBUG] This is a debug message
[Sun, 24 Apr 16 12:30:14 +0800][ERROR] This is an error message
[Sun, 24 Apr 16 12:30:14 +0800][INFO] This is an info message
[Sun, 24 Apr 16 12:30:14 +0800][NOTICE] This is a notice message
[Sun, 24 Apr 16 12:30:14 +0800][WARNING] This is a warning message
[Sun, 24 Apr 16 12:30:14 +0800][ALERT] This is an alert message
[Sun, 24 Apr 16 12:30:14 +0800][ERROR] This is another error message
[Sun, 24 Apr 16 12:30:14 +0800][DEBUG] This is a message
[Sun, 24 Apr 16 12:36:29 +0800][CRITICAL] This is a critical messages
[Sun, 24 Apr 16 12:36:29 +0800][EMERGENCY] This is an emergency message
[Sun, 24 Apr 16 12:36:29 +0800][DEBUG] This is a debug message
[Sun, 24 Apr 16 12:36:29 +0800][ERROR] This is an error message
[Sun, 24 Apr 16 12:36:29 +0800][INFO] This is an info message
[Sun, 24 Apr 16 12:36:29 +0800][NOTICE] This is a notice message
[Sun, 24 Apr 16 12:36:29 +0800][WARNING] This is a warning message
[Sun, 24 Apr 16 12:36:29 +0800][ALERT] This is an alert message
[Sun, 24 Apr 16 12:36:29 +0800][ERROR] This is another error message
[Sun, 24 Apr 16 12:36:29 +0800][DEBUG] This is a message
[Sun, 03 Jul 16 16:41:14 +0800][INFO] SELECT * FROM items p WHERE p.types_id = 0
[Sun, 03 Jul 16 16:42:18 +0800][INFO] SELECT * FROM items p WHERE p.types_id = 0
[Sun, 03 Jul 16 16:42:34 +0800][INFO] SELECT * FROM items p WHERE p.types_id = 0
[Sun, 03 Jul 16 16:52:39 +0800][INFO] SELECT * FROM items p WHERE p.types_id = 0
[Sun, 03 Jul 16 16:52:41 +0800][INFO] SELECT * FROM items p WHERE p.types_id = 0
[Sun, 03 Jul 16 16:52:42 +0800][INFO] SELECT * FROM items p WHERE p.types_id = 0
[Sun, 03 Jul 16 16:52:42 +0800][INFO] SELECT * FROM items p WHERE p.types_id = 0
[Sun, 03 Jul 16 16:52:43 +0800][INFO] SELECT * FROM items p WHERE p.types_id = 0
[Sun, 03 Jul 16 16:52:43 +0800][INFO] SELECT * FROM items p WHERE p.types_id = 0
[Sun, 03 Jul 16 16:52:44 +0800][INFO] SELECT * FROM items p WHERE p.types_id = 0
[Sun, 03 Jul 16 16:52:44 +0800][INFO] SELECT * FROM items p WHERE p.types_id = 0
[Sun, 03 Jul 16 16:52:44 +0800][INFO] SELECT * FROM items p WHERE p.types_id = 0
[Sun, 03 Jul 16 16:52:44 +0800][INFO] SELECT * FROM items p WHERE p.types_id = 0
[Sun, 03 Jul 16 16:52:44 +0800][INFO] SELECT * FROM items p WHERE p.types_id = 0
[Sun, 03 Jul 16 16:52:45 +0800][INFO] SELECT * FROM items p WHERE p.types_id = 0
[Sun, 03 Jul 16 16:52:45 +0800][INFO] SELECT * FROM items p WHERE p.types_id = 0
[Sun, 03 Jul 16 16:52:45 +0800][INFO] SELECT * FROM items p WHERE p.types_id = 0
[Sun, 03 Jul 16 16:52:45 +0800][INFO] SELECT * FROM items p WHERE p.types_id = 0
[Sun, 03 Jul 16 16:52:46 +0800][INFO] SELECT * FROM items p WHERE p.types_id = 0
[Sun, 03 Jul 16 16:52:46 +0800][INFO] SELECT * FROM items p WHERE p.types_id = 0
[Sun, 03 Jul 16 16:52:46 +0800][INFO] SELECT * FROM items p WHERE p.types_id = 0
[Sun, 03 Jul 16 16:52:46 +0800][INFO] SELECT * FROM items p WHERE p.types_id = 0
[Sun, 03 Jul 16 16:52:47 +0800][INFO] SELECT * FROM items p WHERE p.types_id = 0
[Sun, 03 Jul 16 16:52:47 +0800][INFO] SELECT * FROM items p WHERE p.types_id = 0
[Sun, 03 Jul 16 16:52:47 +0800][INFO] SELECT * FROM items p WHERE p.types_id = 0
[Sun, 03 Jul 16 16:52:47 +0800][INFO] SELECT * FROM items p WHERE p.types_id = 0
[Sun, 03 Jul 16 16:52:48 +0800][INFO] SELECT * FROM items p WHERE p.types_id = 0
[Sun, 03 Jul 16 16:52:48 +0800][INFO] SELECT * FROM items p WHERE p.types_id = 0
[Sun, 03 Jul 16 16:52:48 +0800][INFO] SELECT * FROM items p WHERE p.types_id = 0
[Sun, 03 Jul 16 16:52:48 +0800][INFO] SELECT * FROM items p WHERE p.types_id = 0
[Sun, 03 Jul 16 16:52:48 +0800][INFO] SELECT * FROM items p WHERE p.types_id = 0
[Sun, 03 Jul 16 16:52:49 +0800][INFO] SELECT * FROM items p WHERE p.types_id = 0
[Sun, 03 Jul 16 16:52:49 +0800][INFO] SELECT * FROM items p WHERE p.types_id = 0
[Sun, 03 Jul 16 16:52:49 +0800][INFO] SELECT * FROM items p WHERE p.types_id = 0
[Sun, 03 Jul 16 16:52:50 +0800][INFO] SELECT * FROM items p WHERE p.types_id = 0
[Sun, 03 Jul 16 16:52:50 +0800][INFO] SELECT * FROM items p WHERE p.types_id = 0
[Sun, 03 Jul 16 16:52:50 +0800][INFO] SELECT * FROM items p WHERE p.types_id = 0
[Sun, 03 Jul 16 16:53:03 +0800][INFO] SELECT * FROM items p WHERE p.types_id = 0
[Sun, 03 Jul 16 16:53:57 +0800][INFO] SELECT * FROM items p WHERE p.types_id = 0
[Sun, 03 Jul 16 16:53:57 +0800][INFO] SELECT * FROM items p WHERE p.types_id = 0
[Sun, 03 Jul 16 16:53:58 +0800][INFO] SELECT * FROM items p WHERE p.types_id = 0
[Sun, 03 Jul 16 16:53:58 +0800][INFO] SELECT * FROM items p WHERE p.types_id = 0
[Sun, 03 Jul 16 16:53:58 +0800][INFO] SELECT * FROM items p WHERE p.types_id = 0
[Sun, 03 Jul 16 16:53:58 +0800][INFO] SELECT * FROM items p WHERE p.types_id = 0
[Sun, 03 Jul 16 16:53:59 +0800][INFO] SELECT * FROM items p WHERE p.types_id = 0
[Sun, 03 Jul 16 16:53:59 +0800][INFO] SELECT * FROM items p WHERE p.types_id = 0
[Sun, 03 Jul 16 16:53:59 +0800][INFO] SELECT * FROM items p WHERE p.types_id = 0
[Sun, 03 Jul 16 16:53:59 +0800][INFO] SELECT * FROM items p WHERE p.types_id = 0
[Sun, 03 Jul 16 16:53:59 +0800][INFO] SELECT * FROM items p WHERE p.types_id = 0
[Sun, 03 Jul 16 16:54:00 +0800][INFO] SELECT * FROM items p WHERE p.types_id = 0
[Sun, 03 Jul 16 16:54:00 +0800][INFO] SELECT * FROM items p WHERE p.types_id = 0
[Sun, 03 Jul 16 16:54:00 +0800][INFO] SELECT * FROM items p WHERE p.types_id = 0
[Sun, 03 Jul 16 16:54:01 +0800][INFO] SELECT * FROM items p WHERE p.types_id = 0
[Sun, 03 Jul 16 16:56:05 +0800][INFO] SELECT * FROM items p WHERE p.types_id = 0
[Sun, 03 Jul 16 16:56:06 +0800][INFO] SELECT * FROM items p WHERE p.types_id = 0
[Sun, 03 Jul 16 16:56:06 +0800][INFO] SELECT * FROM items p WHERE p.types_id = 0
[Sun, 03 Jul 16 16:56:07 +0800][INFO] SELECT * FROM items p WHERE p.types_id = 0
[Sun, 03 Jul 16 16:56:07 +0800][INFO] SELECT * FROM items p WHERE p.types_id = 0
[Sun, 03 Jul 16 16:56:07 +0800][INFO] SELECT * FROM items p WHERE p.types_id = 0
[Sun, 03 Jul 16 16:56:07 +0800][INFO] SELECT * FROM items p WHERE p.types_id = 0
[Sun, 03 Jul 16 17:45:36 +0800][INFO] SELECT * FROM items p WHERE p.types_id = 0
[Sun, 03 Jul 16 17:45:45 +0800][INFO] SELECT * FROM items p WHERE p.types_id = 0
[Fri, 08 Jul 16 17:03:32 +0800][INFO] SELECT * FROM items p WHERE p.types_id = 0
